[LOG ENTRY 2048 — 2016-11-30 04:12:33 UTC]
Subject: Consolidated Report — Classified Projects & Internal Directives
Status: ULTRA-RESTRICTED | Clearance Level: ADMIN+

Overview:
This document consolidates critical information on multiple secret initiatives currently concealed by EDF Command. The details herein must remain confidential and are intended for authorized personnel only. Unauthorized access or dissemination is strictly prohibited and punishable under Directive 22-9Z.

---

Project NIGHTFALL:
Initial tests on cloaking technologies for reconnaissance drones demonstrate operational promise but reveal alarming power inefficiencies and instability under extended use. Several test units were lost without explanation during field trials in Sector 12. Official reports have been sanitized to conceal these losses.

Project ORIGIN:
The neural interface program aimed at establishing direct brain-computer linkages has bypassed all ethical oversight via Executive Order 58-B. Early-stage operators have reported cognitive degradation, memory lapses, and in one documented case, complete neural shutdown. Despite this, research continues under strict NDA with no plans for public disclosure.

Project HORIZON:
Development of AI-powered surveillance satellites is proceeding at an accelerated pace. However, integration of unauthorized autonomous decision-making protocols raises legal and moral red flags, including potential violations of international treaties governing space-based weaponry. A covert internal review is underway, but findings are suppressed.

Internal Suppression & Personnel Concerns:
Attempts by field agents and internal developers to report malfunctions and ethical violations have been systematically blocked. Personnel who have pushed for transparency face reassignment or enforced silence. The original EDFT architect, who foresaw these issues, was marginalized shortly after the formation of the programming team in mid-2013.

Risk Assessment:
Continued suppression of these issues endangers personnel and mission integrity. The EDFT’s current framework lacks the flexibility to adapt to these emerging threats, as features critical for monitoring and intervention were deliberately disabled in system updates.

Recommendations:
- Immediate reevaluation of Project ORIGIN operator safety protocols.
- Full audit of Project HORIZON’s AI control algorithms by an independent committee.
- Restoration of disabled system functionalities in EDFT to empower ground teams.
- Secure channel activation for whistleblowers within EDF hierarchy.

Closing Statement:
The fate of the EDF and potentially the entire defense network hinges on confronting these buried truths. This document serves as a call to action for those within the system who seek to preserve transparency and accountability.
